<?xml version="1.0" encoding="UTF-8"?>
<!-- Generated by org.testng.reporters.JUnitXMLReporter -->
<testsuite ignored="0" hostname="AnilPC" failures="0" tests="4" name="Test_CHROME" time="58.962" errors="0" timestamp="2025-07-14T14:59:16 IST">
  <testcase classname="tasks.Using_Ajio" name="ajio" time="26.046"/>
  <testcase classname="tasks.Using_Swiggy" name="swiggy" time="15.699"/>
  <testcase classname="tasks.Using_Flipkart" name="flipkart" time="10.562"/>
  <testcase classname="tasks.Using_Amazon" name="amazon" time="6.57"/>
</testsuite> <!-- Test_CHROME -->
