<?xml version="1.0" encoding="UTF-8"?>
<!-- Generated by org.testng.reporters.JUnitXMLReporter -->
<testsuite ignored="4" hostname="AnilPC" failures="0" tests="2" name="Test" time="0.129" errors="0" timestamp="2025-07-17T14:44:31 IST">
  <testcase classname="ListenersUtilization.Listeners2" name="demo1" time="0.01"/>
  <testcase classname="ListenersUtilization.Listeners1" name="demo" time="0.009"/>
  <testcase classname="BasicClassUtility.BaseClass" name="@AfterTest at" time="0.0">
    <ignored/>
  </testcase> <!-- @AfterTest at -->
  <testcase classname="BasicClassUtility.BaseClass" name="@BeforeTest bt" time="0.0">
    <ignored/>
  </testcase> <!-- @BeforeTest bt -->
  <testcase classname="BasicClassUtility.BaseClass" name="@AfterSuite as" time="0.0">
    <ignored/>
  </testcase> <!-- @AfterSuite as -->
  <testcase classname="BasicClassUtility.BaseClass" name="@BeforeSuite bs" time="0.0">
    <ignored/>
  </testcase> <!-- @BeforeSuite bs -->
</testsuite> <!-- Test -->
