<?xml version="1.0" encoding="UTF-8"?>
<!-- Generated by org.testng.reporters.JUnitXMLReporter -->
<testsuite ignored="0" hostname="AnilPC" failures="0" tests="4" name="Test_EDGE" time="55.923" errors="0" timestamp="2025-07-14T14:59:13 IST">
  <testcase classname="tasks.Using_Ajio" name="ajio" time="25.956"/>
  <testcase classname="tasks.Using_Swiggy" name="swiggy" time="8.041"/>
  <testcase classname="tasks.Using_Flipkart" name="flipkart" time="10.878"/>
  <testcase classname="tasks.Using_Amazon" name="amazon" time="10.955"/>
</testsuite> <!-- Test_EDGE -->
