<?xml version="1.0" encoding="UTF-8"?>
<testng-results ignored="0" total="2" passed="2" failed="0" skipped="0">
  <reporter-output>
  </reporter-output>
  <suite started-at="2025-07-17T14:44:31 IST" name="Suite" finished-at="2025-07-17T14:44:31 IST" duration-ms="129">
    <groups>
    </groups>
    <test started-at="2025-07-17T14:44:31 IST" name="Test" finished-at="2025-07-17T14:44:31 IST" duration-ms="129">
      <class name="ListenersUtilization.Listeners2">
        <test-method is-config="true" signature="bs()[pri:0, instance:ListenersUtilization.Listeners2@58cbafc2]" started-at="2025-07-17T14:44:31 IST" name="bs" finished-at="2025-07-17T14:44:31 IST" duration-ms="20" status="PASS">
          <reporter-output>
          </reporter-output>
        </test-method> <!-- bs -->
        <test-method is-config="true" signature="bt()[pri:0, instance:ListenersUtilization.Listeners2@58cbafc2]" started-at="2025-07-17T14:44:31 IST" name="bt" finished-at="2025-07-17T14:44:31 IST" duration-ms="2" status="PASS">
          <reporter-output>
          </reporter-output>
        </test-method> <!-- bt -->
        <test-method is-config="true" signature="bc()[pri:0, instance:ListenersUtilization.Listeners2@58cbafc2]" started-at="2025-07-17T14:44:31 IST" name="bc" finished-at="2025-07-17T14:44:31 IST" duration-ms="2" status="PASS">
          <reporter-output>
          </reporter-output>
        </test-method> <!-- bc -->
        <test-method is-config="true" signature="bm()[pri:0, instance:ListenersUtilization.Listeners2@58cbafc2]" started-at="2025-07-17T14:44:31 IST" name="bm" finished-at="2025-07-17T14:44:31 IST" duration-ms="2" status="PASS">
          <reporter-output>
          </reporter-output>
        </test-method> <!-- bm -->
        <test-method signature="demo1()[pri:0, instance:ListenersUtilization.Listeners2@58cbafc2]" started-at="2025-07-17T14:44:31 IST" name="demo1" finished-at="2025-07-17T14:44:31 IST" duration-ms="10" status="PASS">
          <reporter-output>
          </reporter-output>
        </test-method> <!-- demo1 -->
        <test-method is-config="true" signature="am()[pri:0, instance:ListenersUtilization.Listeners2@58cbafc2]" started-at="2025-07-17T14:44:31 IST" name="am" finished-at="2025-07-17T14:44:31 IST" duration-ms="2" status="PASS">
          <reporter-output>
          </reporter-output>
        </test-method> <!-- am -->
        <test-method is-config="true" signature="ac()[pri:0, instance:ListenersUtilization.Listeners2@58cbafc2]" started-at="2025-07-17T14:44:31 IST" name="ac" finished-at="2025-07-17T14:44:31 IST" duration-ms="0" status="PASS">
          <reporter-output>
          </reporter-output>
        </test-method> <!-- ac -->
        <test-method is-config="true" signature="at()[pri:0, instance:ListenersUtilization.Listeners2@58cbafc2]" started-at="2025-07-17T14:44:31 IST" name="at" finished-at="2025-07-17T14:44:31 IST" duration-ms="1" status="PASS">
          <reporter-output>
          </reporter-output>
        </test-method> <!-- at -->
        <test-method is-config="true" signature="as()[pri:0, instance:ListenersUtilization.Listeners2@58cbafc2]" started-at="2025-07-17T14:44:31 IST" name="as" finished-at="2025-07-17T14:44:31 IST" duration-ms="1" status="PASS">
          <reporter-output>
          </reporter-output>
        </test-method> <!-- as -->
      </class> <!-- ListenersUtilization.Listeners2 -->
      <class name="ListenersUtilization.Listeners1">
        <test-method is-config="true" signature="bc()[pri:0, instance:ListenersUtilization.Listeners1@1cf6d1be]" started-at="2025-07-17T14:44:31 IST" name="bc" finished-at="2025-07-17T14:44:31 IST" duration-ms="2" status="PASS">
          <reporter-output>
          </reporter-output>
        </test-method> <!-- bc -->
        <test-method is-config="true" signature="bm()[pri:0, instance:ListenersUtilization.Listeners1@1cf6d1be]" started-at="2025-07-17T14:44:31 IST" name="bm" finished-at="2025-07-17T14:44:31 IST" duration-ms="1" status="PASS">
          <reporter-output>
          </reporter-output>
        </test-method> <!-- bm -->
        <test-method signature="demo()[pri:0, instance:ListenersUtilization.Listeners1@1cf6d1be]" started-at="2025-07-17T14:44:31 IST" name="demo" finished-at="2025-07-17T14:44:31 IST" duration-ms="9" status="PASS">
          <reporter-output>
          </reporter-output>
        </test-method> <!-- demo -->
        <test-method is-config="true" signature="am()[pri:0, instance:ListenersUtilization.Listeners1@1cf6d1be]" started-at="2025-07-17T14:44:31 IST" name="am" finished-at="2025-07-17T14:44:31 IST" duration-ms="2" status="PASS">
          <reporter-output>
          </reporter-output>
        </test-method> <!-- am -->
        <test-method is-config="true" signature="ac()[pri:0, instance:ListenersUtilization.Listeners1@1cf6d1be]" started-at="2025-07-17T14:44:31 IST" name="ac" finished-at="2025-07-17T14:44:31 IST" duration-ms="6" status="PASS">
          <reporter-output>
          </reporter-output>
        </test-method> <!-- ac -->
      </class> <!-- ListenersUtilization.Listeners1 -->
    </test> <!-- Test -->
  </suite> <!-- Suite -->
</testng-results>
